2025-07-01 20:53:29.612 - DBeaver 24.1.5.202408181605 is starting
2025-07-01 20:53:29.613 - OS: Mac OS X 15.5 (x86_64)
2025-07-01 20:53:29.613 - Java version: 17.0.6 by Eclipse Adoptium (64bit)
2025-07-01 20:53:29.614 - Install path: '/Applications/DBeaver.app/Contents/Eclipse'
2025-07-01 20:53:29.614 - Instance path: 'file:/Users/cris/Documents/BeautyMaps/scripts/'
2025-07-01 20:53:29.615 - Memory available 64Mb/1024Mb
2025-07-01 20:53:29.624 - Create display
> Start Interfaz de usuario de Eclipse IDE [org.eclipse.ui.ide 3.22.200.v20240524-2010]
2025-07-01 20:53:29.914 - Initialize desktop platform...
2025-07-01 20:53:30.025 - BounceCastle bundle found. Use JCE provider BC
> Start Core File Systems [org.eclipse.core.filesystem 1.10.400.v20240426-1040]
> Start Core Resource Management [org.eclipse.core.resources 3.20.200.v20240513-1323]
> Start Núcleo del equipo de soporte [org.eclipse.team.core 3.10.400.v20240413-1529]
> Start DBeaver UI Navigator [org.jkiss.dbeaver.ui.navigator 1.0.137.202408181605]
2025-07-01 20:53:30.148 - 
2025-07-01 20:53:30.148 - 	Refreshing workspace.
2025-07-01 20:53:30.149 - Refreshing workspace contents
2025-07-01 20:53:33.939 - Initialize base platform...
2025-07-01 20:53:33.963 - Platform initialized (4048ms)
> Start DBeaver UI Editors - Base [org.jkiss.dbeaver.ui.editors.base 1.0.137.202408181605]
2025-07-01 20:53:33.990 - Starting instance server at http://localhost:49427
2025-07-01 20:53:33.997 - Run workbench
> Start SWT del banco de trabajo de Eclipse e4 [org.eclipse.e4.ui.workbench.swt 0.17.400.v20240425-0840]
> Start Eclipse Application Services [org.eclipse.e4.core.services 2.4.400.v20240413-1529]
> Start Eclipse UI Application Services [org.eclipse.e4.ui.services 1.6.300.v20231201-1637]
> Start Eclipse e4 Progress View [org.eclipse.e4.ui.progress 0.4.400.v20240424-0956]
> Start Eclipse Bindings Support [org.eclipse.e4.ui.bindings 0.14.400.v20240321-1245]
> Start Eclipse e4 core commands [org.eclipse.e4.core.commands 1.1.400.v20240424-0444]
> Start EMF XML/XMI Persistence [org.eclipse.emf.ecore.xmi 2.37.0.v20231208-1346]
> Start Extensiones del banco de trabajo de Eclipse e4 [org.eclipse.e4.ui.workbench.addons.swt 1.5.400.v20240416-0658]
> Start Renderizador SWT del banco de trabajo de Eclipse e4 [org.eclipse.e4.ui.workbench.renderers.swt 0.16.400.v20240418-1547]
> Start Eclipse Dependency Injection Extensions [org.eclipse.e4.core.di.extensions 0.18.300.v20240413-1529]
> Start Eclipse CSS SWT Support [org.eclipse.e4.ui.css.swt 0.15.400.v20240321-1245]
> Start Eclipse CSS SWT Theme Support [org.eclipse.e4.ui.css.swt.theme 0.14.400.v20240424-0956]
> Start Editor de texto predeterminado [org.eclipse.ui.editors 3.17.300.v20240524-2010]
> Start Entorno de trabajo [org.eclipse.ui.workbench.texteditor 3.17.400.v20240524-2010]
2025-07-01 20:53:36.094 - Configure workbench window
> Start DBeaver SQL Model [org.jkiss.dbeaver.model.sql 1.0.127.202408181605]
2025-07-01 20:53:36.227 - Total database drivers: 118 (118)
> Start Núcleo del sistema de ayuda [org.eclipse.help 3.10.400.v20240415-0528]
2025-07-01 20:53:36.314 - Create actions
2025-07-01 20:53:36.324 - Disable Eclipse action set 'org.eclipse.ui.edit.text.actionSet.annotationNavigation'
2025-07-01 20:53:36.325 - Disable Eclipse action set 'org.eclipse.ui.WorkingSetActionSet'
2025-07-01 20:53:36.325 - Disable Eclipse action set 'org.eclipse.ui.actionSet.openFiles'
2025-07-01 20:53:36.325 - Create workbench actions
> Start DBeaver UI Editors - Data [org.jkiss.dbeaver.ui.editors.data 1.0.137.202408181605]
2025-07-01 20:53:37.285 - Initialize workbench window
2025-07-01 20:53:37.287 - Finish initialization
> Start GEF Classic Draw2d [org.eclipse.draw2d 3.16.0.202405290843]
> Start GEF Classic GEF (MVC) [org.eclipse.gef 3.18.0.202405290843]
> Start DBeaver ERD UI [org.jkiss.dbeaver.erd.ui 3.0.97.202408181605]
> Start Interfaz de usuario de manejo de conexión a Internet [org.eclipse.ui.net 1.5.400.v20240413-1529]
> Start Internet Connection Management [org.eclipse.core.net 1.5.400.v20240413-1529]
> Start DBeaver UI Editors - SQL [org.jkiss.dbeaver.ui.editors.sql 1.0.137.202408181605]
> Start DBeaver ERD Model [org.jkiss.dbeaver.erd.model 1.0.97.202408181605]
> Start DBeaver Dashboard UI [org.jkiss.dbeaver.ui.dashboard 1.0.134.202408181605]
> Start DBeaver Dashboards Model [org.jkiss.dbeaver.model.dashboard 1.0.10.202408181605]
> Start DBeaver Sample Database [org.jkiss.dbeaver.ext.sample.database 1.0.174.202408181605]
> Start DBeaver Tip of the day [org.jkiss.dbeaver.ext.ui.tipoftheday 1.0.143.202408181605]
2025-07-01 20:53:40.352 - Open [https://dbeaver.io/product/version.xml]
> Start DBeaver UI Editors - Connections [org.jkiss.dbeaver.ui.editors.connection 1.0.128.202408181605]
2025-07-01 20:58:19.978 - DBeaver is stopping
2025-07-01 20:58:19.978 - Stop instance server
2025-07-01 20:58:20.990 - DBeaver shutdown completed
